
Showing logs for build [32mcb-kubecd-environment-pr-187-81-vsbpw-1[0m stage [32mfrom-build-pack[0m and container [32mstep-credential-initializer-cld8s[0m
{"level":"warn","ts":1584904086.3223867,"logger":"fallback-logger","caller":"logging/config.go:69","msg":"Fetch GitHub commit ID from kodata failed: \"ref: refs/heads/0.8.0-**-support-backwards-incompats\" is not a valid GitHub commit ID"}
{"level":"info","ts":1584904086.3257208,"logger":"fallback-logger","caller":"creds-init/main.go:40","msg":"Credentials initialized."}

Showing logs for build [32mcb-kubecd-environment-pr-187-81-vsbpw-1[0m stage [32mfrom-build-pack[0m and container [32mstep-working-dir-initializer-t4pfj[0m
{"level":"warn","ts":1584904086.726918,"logger":"fallback-logger","caller":"logging/config.go:69","msg":"Fetch GitHub commit ID from kodata failed: open /var/run/ko/HEAD: no such file or directory"}
{"level":"info","ts":1584904086.728476,"logger":"fallback-logger","caller":"bash/main.go:64","msg":"Successfully executed command \"sh -c mkdir -p /workspace/source\"; output "}

Showing logs for build [32mcb-kubecd-environment-pr-187-81-vsbpw-1[0m stage [32mfrom-build-pack[0m and container [32mstep-place-tools[0m

Showing logs for build [32mcb-kubecd-environment-pr-187-81-vsbpw-1[0m stage [32mfrom-build-pack[0m and container [32mstep-git-source-cb-kubecd-environment-pr-187-81-vsbpw-tmb6d[0m
{"level":"warn","ts":1584904091.9653344,"logger":"fallback-logger","caller":"logging/config.go:69","msg":"Fetch GitHub commit ID from kodata failed: \"ref: refs/heads/0.8.0-**-support-backwards-incompats\" is not a valid GitHub commit ID"}
{"level":"info","ts":1584904093.0113685,"logger":"fallback-logger","caller":"git/git.go:103","msg":"Successfully cloned https://github.com/cb-kubecd/environment-pr-187-81-boot-gke-staging.git @ master in path /workspace/source"}

Showing logs for build [32mcb-kubecd-environment-pr-187-81-vsbpw-1[0m stage [32mfrom-build-pack[0m and container [32mstep-git-merge[0m
Using SHAs from PULL_REFS=master:487959ccc52767eb5f7f1f43df1aea57f39a0fce,4:a3d9be151b0ba5d6589cac5abc9c4f38e4ad9a4c
DEBUG: JX_LOG_LEVEL=error LC_ALL=C git fetch origin --unshallow a3d9be151b0ba5d6589cac5abc9c4f38e4ad9a4c: 487959ccc52767eb5f7f1f43df1aea57f39a0fce:
DEBUG: ran git fetch --unshallow origin a3d9be151b0ba5d6589cac5abc9c4f38e4ad9a4c: 487959ccc52767eb5f7f1f43df1aea57f39a0fce: in 
DEBUG: LC_ALL=C JX_LOG_LEVEL=error git branch
DEBUG: LC_ALL=C JX_LOG_LEVEL=error git checkout master
DEBUG: ran git checkout master in 
DEBUG: JX_LOG_LEVEL=error LC_ALL=C git reset --hard 487959ccc52767eb5f7f1f43df1aea57f39a0fce
DEBUG: ran git reset --hard 487959ccc52767eb5f7f1f43df1aea57f39a0fce in 
DEBUG: JX_LOG_LEVEL=error LC_ALL=C git clean -fd .
DEBUG: ran clean --force -d . in 
DEBUG: LC_ALL=C JX_LOG_LEVEL=error git merge a3d9be151b0ba5d6589cac5abc9c4f38e4ad9a4c
DEBUG: ran git merge a3d9be151b0ba5d6589cac5abc9c4f38e4ad9a4c in 
DEBUG: LC_ALL=C JX_LOG_LEVEL=error git log --format=%H%x1f%an%x1f%ae%x1f%cn%x1f%ce%x1f%s%n%b%x1e 487959ccc52767eb5f7f1f43df1aea57f39a0fce..HEAD
Merged SHA a3d9be151b0ba5d6589cac5abc9c4f38e4ad9a4c with commit message 'chore: Promote bdd-sbhg-1584902483 to version 0.0.1' into base branch master

Showing logs for build [32mcb-kubecd-environment-pr-187-81-vsbpw-1[0m stage [32mfrom-build-pack[0m and container [32mstep-build-helm-build[0m
WARNING: No $CHART_REPOSITORY defined so using the default value of: http://jenkins-x-chartmuseum:8080
Adding missing Helm repo: storage.googleapis.com https://storage.googleapis.com/chartmuseum.jenkins-x.io
WARNING: No secrets found on "helm/repos" due: reading the secret "helm/repos" from vault: no secret "helm/repos" not found in vault
Read credentials for https://storage.googleapis.com/chartmuseum.jenkins-x.io from vault helm/repos
Successfully added Helm repository storage.googleapis.com.
Adding missing Helm repo: jenkins-x-chartmuseum http://jenkins-x-chartmuseum:8080
WARNING: No secrets found on "helm/repos" due: reading the secret "helm/repos" from vault: no secret "helm/repos" not found in vault
Read credentials for http://jenkins-x-chartmuseum:8080 from vault helm/repos
Successfully added Helm repository jenkins-x-chartmuseum.
WARNING: No $CHART_REPOSITORY defined so using the default value of: http://jenkins-x-chartmuseum:8080
Adding missing Helm repo: chartmuseum.jenkins-x.io http://chartmuseum.jenkins-x.io
WARNING: No secrets found on "helm/repos" due: reading the secret "helm/repos" from vault: no secret "helm/repos" not found in vault
Read credentials for http://chartmuseum.jenkins-x.io from vault helm/repos
Successfully added Helm repository chartmuseum.jenkins-x.io.
