
Showing logs for build [32mcb-kubecd-environment-pr-187-81-5lq82-1[0m stage [32mfrom-build-pack[0m and container [32mstep-credential-initializer-6jmg9[0m
{"level":"warn","ts":1584903400.6922657,"logger":"fallback-logger","caller":"logging/config.go:69","msg":"Fetch GitHub commit ID from kodata failed: \"ref: refs/heads/0.8.0-**-support-backwards-incompats\" is not a valid GitHub commit ID"}
{"level":"info","ts":1584903400.6948974,"logger":"fallback-logger","caller":"creds-init/main.go:40","msg":"Credentials initialized."}

Showing logs for build [32mcb-kubecd-environment-pr-187-81-5lq82-1[0m stage [32mfrom-build-pack[0m and container [32mstep-working-dir-initializer-hp7gd[0m
{"level":"warn","ts":1584903401.3847084,"logger":"fallback-logger","caller":"logging/config.go:69","msg":"Fetch GitHub commit ID from kodata failed: open /var/run/ko/HEAD: no such file or directory"}
{"level":"info","ts":1584903401.3873992,"logger":"fallback-logger","caller":"bash/main.go:64","msg":"Successfully executed command \"sh -c mkdir -p /workspace/source\"; output "}

Showing logs for build [32mcb-kubecd-environment-pr-187-81-5lq82-1[0m stage [32mfrom-build-pack[0m and container [32mstep-place-tools[0m

Showing logs for build [32mcb-kubecd-environment-pr-187-81-5lq82-1[0m stage [32mfrom-build-pack[0m and container [32mstep-git-source-cb-kubecd-environment-pr-187-81-5lq82-lb8b2[0m
{"level":"warn","ts":1584903406.8763094,"logger":"fallback-logger","caller":"logging/config.go:69","msg":"Fetch GitHub commit ID from kodata failed: \"ref: refs/heads/0.8.0-**-support-backwards-incompats\" is not a valid GitHub commit ID"}
{"level":"info","ts":1584903408.016419,"logger":"fallback-logger","caller":"git/git.go:103","msg":"Successfully cloned https://github.com/cb-kubecd/environment-pr-187-81-boot-gke-staging.git @ master in path /workspace/source"}

Showing logs for build [32mcb-kubecd-environment-pr-187-81-5lq82-1[0m stage [32mfrom-build-pack[0m and container [32mstep-git-merge[0m
Using SHAs from PULL_REFS=master:10df2f4959883a11cf4a25b2fb6e3b061fa3ed53,3:29c75ac21181368c20bd2c15b5134330a53cd5b7
DEBUG: LC_ALL=C JX_LOG_LEVEL=error git fetch origin --unshallow 29c75ac21181368c20bd2c15b5134330a53cd5b7: 10df2f4959883a11cf4a25b2fb6e3b061fa3ed53:
DEBUG: ran git fetch --unshallow origin 29c75ac21181368c20bd2c15b5134330a53cd5b7: 10df2f4959883a11cf4a25b2fb6e3b061fa3ed53: in 
DEBUG: LC_ALL=C JX_LOG_LEVEL=error git branch
DEBUG: LC_ALL=C JX_LOG_LEVEL=error git checkout master
DEBUG: ran git checkout master in 
DEBUG: LC_ALL=C JX_LOG_LEVEL=error git reset --hard 10df2f4959883a11cf4a25b2fb6e3b061fa3ed53
DEBUG: ran git reset --hard 10df2f4959883a11cf4a25b2fb6e3b061fa3ed53 in 
DEBUG: LC_ALL=C JX_LOG_LEVEL=error git clean -fd .
DEBUG: ran clean --force -d . in 
DEBUG: JX_LOG_LEVEL=error LC_ALL=C git merge 29c75ac21181368c20bd2c15b5134330a53cd5b7
DEBUG: ran git merge 29c75ac21181368c20bd2c15b5134330a53cd5b7 in 
DEBUG: LC_ALL=C JX_LOG_LEVEL=error git log --format=%H%x1f%an%x1f%ae%x1f%cn%x1f%ce%x1f%s%n%b%x1e 10df2f4959883a11cf4a25b2fb6e3b061fa3ed53..HEAD
Merged SHA 29c75ac21181368c20bd2c15b5134330a53cd5b7 with commit message 'chore: Promote bdd-gh-1584902483 to version 0.0.1' into base branch master

Showing logs for build [32mcb-kubecd-environment-pr-187-81-5lq82-1[0m stage [32mfrom-build-pack[0m and container [32mstep-build-helm-build[0m
WARNING: No $CHART_REPOSITORY defined so using the default value of: http://jenkins-x-chartmuseum:8080
Adding missing Helm repo: storage.googleapis.com https://storage.googleapis.com/chartmuseum.jenkins-x.io
WARNING: No secrets found on "helm/repos" due: reading the secret "helm/repos" from vault: no secret "helm/repos" not found in vault
Read credentials for https://storage.googleapis.com/chartmuseum.jenkins-x.io from vault helm/repos
Successfully added Helm repository storage.googleapis.com.
Adding missing Helm repo: jenkins-x-chartmuseum http://jenkins-x-chartmuseum:8080
WARNING: No secrets found on "helm/repos" due: reading the secret "helm/repos" from vault: no secret "helm/repos" not found in vault
Read credentials for http://jenkins-x-chartmuseum:8080 from vault helm/repos
Successfully added Helm repository jenkins-x-chartmuseum.
WARNING: No $CHART_REPOSITORY defined so using the default value of: http://jenkins-x-chartmuseum:8080
Adding missing Helm repo: chartmuseum.jenkins-x.io http://chartmuseum.jenkins-x.io
WARNING: No secrets found on "helm/repos" due: reading the secret "helm/repos" from vault: no secret "helm/repos" not found in vault
Read credentials for http://chartmuseum.jenkins-x.io from vault helm/repos
Successfully added Helm repository chartmuseum.jenkins-x.io.
